\BOOKMARK [0][-]{chapter.1}{\376\377\000W\000p\000r\000o\000w\000a\000d\000z\000e\000n\000i\000e}{}% 1
\BOOKMARK [1][-]{section.1.1}{\376\377\000O\000p\000i\000s\000\040\000p\000r\000o\000b\000l\000e\000m\000u}{chapter.1}% 2
\BOOKMARK [1][-]{section.1.2}{\376\377\000C\000e\000l\000\040\000p\000r\000a\000c\000y}{chapter.1}% 3
\BOOKMARK [1][-]{section.1.3}{\376\377\000Z\000a\000r\000y\000s\000\040\000p\000r\000a\000c\000y}{chapter.1}% 4
\BOOKMARK [0][-]{chapter.2}{\376\377\000S\000t\000a\000n\000\040\000d\000z\000i\000e\000d\000z\000i\000n\000y}{}% 5
\BOOKMARK [1][-]{section.2.1}{\376\377\000P\000r\000z\000e\000g\000l\001\005\000d\000\040\000l\000i\000t\000e\000r\000a\000t\000u\000r\000y}{chapter.2}% 6
\BOOKMARK [1][-]{section.2.2}{\376\377\000I\000s\000t\000n\000i\000e\000j\001\005\000c\000e\000\040\000n\000a\000r\000z\001\031\000d\000z\000i\000a}{chapter.2}% 7
\BOOKMARK [0][-]{chapter.3}{\376\377\000P\000r\000z\000e\000t\000w\000a\000r\000z\000a\000n\000i\000e\000\040\000z\000d\000j\001\031\001\007}{}% 8
\BOOKMARK [1][-]{section.3.1}{\376\377\000K\000a\000l\000i\000b\000r\000a\000c\000j\000a}{chapter.3}% 9
\BOOKMARK [1][-]{section.3.2}{\376\377\000R\000e\000j\000e\000s\000t\000r\000a\000c\000j\000a}{chapter.3}% 10
\BOOKMARK [1][-]{section.3.3}{\376\377\000S\000t\000a\000c\000k\000i\000n\000g}{chapter.3}% 11
\BOOKMARK [0][-]{chapter.4}{\376\377\000O\000p\000i\000s\000\040\000a\000p\000l\000i\000k\000a\000c\000j\000i}{}% 12
\BOOKMARK [1][-]{section.4.1}{\376\377\000W\000y\000m\000a\000g\000a\000n\000i\000a\000\040\000o\000r\000a\000z\000\040\000t\000e\000c\000h\000n\000o\000l\000o\000g\000i\000e}{chapter.4}% 13
\BOOKMARK [1][-]{section.4.2}{\376\377\000A\000r\000c\000h\000i\000t\000e\000k\000t\000u\000r\000a\000\040\000s\000y\000s\000t\000e\000m\000u}{chapter.4}% 14
\BOOKMARK [1][-]{section.4.3}{\376\377\000I\000n\000t\000e\000r\000f\000e\000j\000s\000\040\000u\001\174\000y\000t\000k\000o\000w\000n\000i\000k\000a}{chapter.4}% 15
\BOOKMARK [1][-]{section.4.4}{\376\377\000S\000t\000r\000u\000k\000t\000u\000r\000a\000\040\000k\000o\000d\000u}{chapter.4}% 16
\BOOKMARK [1][-]{section.4.5}{\376\377\000T\000e\000s\000t\000o\000w\000a\000n\000i\000e\000\040\000a\000p\000l\000i\000k\000a\000c\000j\000i}{chapter.4}% 17
\BOOKMARK [0][-]{chapter.5}{\376\377\000Z\000b\000i\000e\000r\000a\000n\000i\000e\000\040\000d\000a\000n\000y\000c\000h}{}% 18
\BOOKMARK [1][-]{section.5.1}{\376\377\000O\000p\000i\000s\000\040\000o\000t\000o\000c\000z\000e\000n\000i\000a\000\040\000i\000\040\000m\000o\000n\000t\000a\001\174\000u}{chapter.5}% 19
\BOOKMARK [1][-]{section.5.2}{\376\377\000P\000r\000o\000c\000e\000d\000u\000r\000a\000\040\000i\000\040\000z\000e\000s\000t\000a\000w\000y\000\040\000d\000a\000n\000y\000c\000h}{chapter.5}% 20
\BOOKMARK [0][-]{chapter.6}{\376\377\000A\000n\000a\000l\000i\000z\000a\000\040\000i\000m\000p\000l\000e\000m\000e\000n\000t\000a\000c\000j\000i\000\040\000a\000l\000g\000o\000r\000y\000t\000m\000\363\000w}{}% 21
\BOOKMARK [1][-]{section.6.1}{\376\377\000M\000e\000t\000o\000d\000y\000k\000a\000\040\000e\000k\000s\000p\000e\000r\000y\000m\000e\000n\000t\000\363\000w}{chapter.6}% 22
\BOOKMARK [1][-]{section.6.2}{\376\377\000W\000y\000n\000i\000k\000i\000\040\000e\000k\000s\000p\000e\000r\000y\000m\000e\000n\000t\000\363\000w}{chapter.6}% 23
\BOOKMARK [1][-]{section.6.3}{\376\377\000P\000o\000r\000\363\000w\000n\000a\000n\000i\000e\000\040\000w\000y\000n\000i\000k\000\363\000w}{chapter.6}% 24
\BOOKMARK [0][-]{chapter.7}{\376\377\000W\000n\000i\000o\000s\000k\000i}{}% 25
\BOOKMARK [0][-]{chapter*.21}{\376\377\000B\000i\000b\000l\000i\000o\000g\000r\000a\000f\000i\000a}{}% 26
\BOOKMARK [0][-]{section*.22}{\376\377\000S\000p\000i\000s\000\040\000r\000y\000s\000u\000n\000k\000\363\000w}{}% 27
\BOOKMARK [0][-]{section*.23}{\376\377\000S\000p\000i\000s\000\040\000t\000a\000b\000e\000l}{}% 28
